<?xml version="1.0" encoding="UTF-8"?>
<coverage generated="1622422056061" clover="3.2.0">
  <project timestamp="1622422056061" name="All files">
    <metrics statements="26" coveredstatements="23" conditionals="0" coveredconditionals="0" methods="10" coveredmethods="9" elements="36" coveredelements="32" complexity="0" loc="26" ncloc="26" packages="1" files="2" classes="2"/>
    <file name="apiBcBrazil.js" path="C:\Users\luizf\Documents\LuizFernandoPezzi\FRONT-END\FullstackDeveloper\ConvertMyMoney\lib\apiBcBrazil.js">
      <metrics statements="16" coveredstatements="14" conditionals="0" coveredconditionals="0" methods="6" coveredmethods="6"/>
      <line num="1" count="1" type="stmt"/>
      <line num="2" count="1" type="stmt"/>
      <line num="4" count="1" type="stmt"/>
      <line num="5" count="1" type="stmt"/>
      <line num="7" count="1" type="stmt"/>
      <line num="8" count="1" type="stmt"/>
      <line num="9" count="1" type="stmt"/>
      <line num="12" count="2" type="stmt"/>
      <line num="13" count="1" type="stmt"/>
      <line num="14" count="1" type="stmt"/>
      <line num="15" count="1" type="stmt"/>
      <line num="16" count="1" type="stmt"/>
      <line num="17" count="0" type="stmt"/>
      <line num="18" count="0" type="stmt"/>
      <line num="20" count="1" type="stmt"/>
      <line num="27" count="1" type="stmt"/>
    </file>
    <file name="convert.js" path="C:\Users\luizf\Documents\LuizFernandoPezzi\FRONT-END\FullstackDeveloper\ConvertMyMoney\lib\convert.js">
      <metrics statements="10" coveredstatements="9" conditionals="0" coveredconditionals="0" methods="4" coveredmethods="3"/>
      <line num="1" count="1" type="stmt"/>
      <line num="2" count="1" type="stmt"/>
      <line num="5" count="1" type="stmt"/>
      <line num="6" count="0" type="stmt"/>
      <line num="9" count="1" type="stmt"/>
      <line num="10" count="1" type="stmt"/>
      <line num="14" count="1" type="stmt"/>
      <line num="17" count="1" type="stmt"/>
      <line num="18" count="1" type="stmt"/>
      <line num="21" count="1" type="stmt"/>
    </file>
  </project>
</coverage>
