{"C:\\Users\\luizf\\Documents\\LuizFernandoPezzi\\FRONT-END\\FullstackDeveloper\\ConvertMyMoney\\lib\\apiBcBrazil.js": {"path":"C:\\Users\\luizf\\Documents\\LuizFernandoPezzi\\FRONT-END\\FullstackDeveloper\\ConvertMyMoney\\lib\\apiBcBrazil.js","statementMap":{"0":{"start":{"line":1,"column":14},"end":{"line":1,"column":31}},"1":{"start":{"line":2,"column":15},"end":{"line":2,"column":226}},"2":{"start":{"line":2,"column":25},"end":{"line":2,"column":226}},"3":{"start":{"line":4,"column":27},"end":{"line":4,"column":50}},"4":{"start":{"line":4,"column":36},"end":{"line":4,"column":50}},"5":{"start":{"line":5,"column":31},"end":{"line":5,"column":70}},"6":{"start":{"line":5,"column":40},"end":{"line":5,"column":70}},"7":{"start":{"line":7,"column":17},"end":{"line":10,"column":1}},"8":{"start":{"line":8,"column":18},"end":{"line":8,"column":28}},"9":{"start":{"line":9,"column":4},"end":{"line":9,"column":75}},"10":{"start":{"line":12,"column":24},"end":{"line":22,"column":1}},"11":{"start":{"line":12,"column":94},"end":{"line":22,"column":1}},"12":{"start":{"line":13,"column":4},"end":{"line":21,"column":5}},"13":{"start":{"line":14,"column":18},"end":{"line":14,"column":28}},"14":{"start":{"line":15,"column":16},"end":{"line":15,"column":29}},"15":{"start":{"line":16,"column":16},"end":{"line":16,"column":45}},"16":{"start":{"line":17,"column":30},"end":{"line":17,"column":57}},"17":{"start":{"line":18,"column":4},"end":{"line":18,"column":28}},"18":{"start":{"line":20,"column":8},"end":{"line":20,"column":17}},"19":{"start":{"line":27,"column":0},"end":{"line":36,"column":1}}},"fnMap":{"0":{"name":"(anonymous_0)","decl":{"start":{"line":2,"column":15},"end":{"line":2,"column":16}},"loc":{"start":{"line":2,"column":25},"end":{"line":2,"column":226}},"line":2},"1":{"name":"(anonymous_1)","decl":{"start":{"line":4,"column":27},"end":{"line":4,"column":28}},"loc":{"start":{"line":4,"column":36},"end":{"line":4,"column":50}},"line":4},"2":{"name":"(anonymous_2)","decl":{"start":{"line":5,"column":31},"end":{"line":5,"column":32}},"loc":{"start":{"line":5,"column":40},"end":{"line":5,"column":70}},"line":5},"3":{"name":"(anonymous_3)","decl":{"start":{"line":7,"column":17},"end":{"line":7,"column":18}},"loc":{"start":{"line":7,"column":23},"end":{"line":10,"column":1}},"line":7},"4":{"name":"(anonymous_4)","decl":{"start":{"line":12,"column":24},"end":{"line":12,"column":25}},"loc":{"start":{"line":12,"column":94},"end":{"line":22,"column":1}},"line":12},"5":{"name":"(anonymous_5)","decl":{"start":{"line":12,"column":94},"end":{"line":12,"column":95}},"loc":{"start":{"line":12,"column":105},"end":{"line":22,"column":1}},"line":12}},"branchMap":{},"s":{"0":1,"1":1,"2":1,"3":1,"4":1,"5":1,"6":1,"7":1,"8":1,"9":1,"10":1,"11":2,"12":1,"13":1,"14":1,"15":1,"16":0,"17":0,"18":1,"19":1},"f":{"0":1,"1":1,"2":1,"3":1,"4":2,"5":1},"b":{},"_coverageSchema":"1a1c01bbd47fc00a2c39e90264f33305004495a9","hash":"3eb22a1d392c60e4bf256aa477c6a8560a500126"}
,"C:\\Users\\luizf\\Documents\\LuizFernandoPezzi\\FRONT-END\\FullstackDeveloper\\ConvertMyMoney\\lib\\convert.js": {"path":"C:\\Users\\luizf\\Documents\\LuizFernandoPezzi\\FRONT-END\\FullstackDeveloper\\ConvertMyMoney\\lib\\convert.js","statementMap":{"0":{"start":{"line":1,"column":24},"end":{"line":3,"column":1}},"1":{"start":{"line":2,"column":4},"end":{"line":2,"column":30}},"2":{"start":{"line":5,"column":24},"end":{"line":7,"column":1}},"3":{"start":{"line":6,"column":4},"end":{"line":6,"column":30}},"4":{"start":{"line":9,"column":19},"end":{"line":15,"column":5}},"5":{"start":{"line":10,"column":25},"end":{"line":13,"column":20}},"6":{"start":{"line":14,"column":4},"end":{"line":14,"column":25}},"7":{"start":{"line":17,"column":16},"end":{"line":19,"column":1}},"8":{"start":{"line":18,"column":4},"end":{"line":18,"column":56}},"9":{"start":{"line":21,"column":0},"end":{"line":26,"column":1}}},"fnMap":{"0":{"name":"(anonymous_0)","decl":{"start":{"line":1,"column":24},"end":{"line":1,"column":25}},"loc":{"start":{"line":1,"column":50},"end":{"line":3,"column":1}},"line":1},"1":{"name":"(anonymous_1)","decl":{"start":{"line":5,"column":24},"end":{"line":5,"column":25}},"loc":{"start":{"line":5,"column":50},"end":{"line":7,"column":1}},"line":5},"2":{"name":"(anonymous_2)","decl":{"start":{"line":9,"column":19},"end":{"line":9,"column":20}},"loc":{"start":{"line":9,"column":46},"end":{"line":15,"column":5}},"line":9},"3":{"name":"(anonymous_3)","decl":{"start":{"line":17,"column":16},"end":{"line":17,"column":17}},"loc":{"start":{"line":17,"column":27},"end":{"line":19,"column":1}},"line":17}},"branchMap":{},"s":{"0":1,"1":1,"2":1,"3":0,"4":1,"5":1,"6":1,"7":1,"8":1,"9":1},"f":{"0":1,"1":0,"2":1,"3":1},"b":{},"_coverageSchema":"1a1c01bbd47fc00a2c39e90264f33305004495a9","hash":"3313995d1efca1da024dea0d3bd75c3f7ae59d85"}
}
